----------------------------------------------------------------
Sun Sep 08 20:27:17 ART 2024:
Booting Derby version The Apache Software Foundation - Apache Derby - 10.15.2.0 - (1873585): instance a816c00e-0191-d3f6-8fee-00000f234340 
on database directory C:\Users\nacho\OneDrive\Desktop\COSAS ARQUITECTURA\Arquitecturas-Web-Ejercicio-Integrador-1\Arquitecturas-Web-Ejercicio-Integrador-1\INTEGRADOR1 with class loader jdk.internal.loader.ClassLoaders$AppClassLoader@76ed5528 
Loaded from file:/C:/Users/nacho/.m2/repository/org/apache/derby/derby/10.15.2.0/derby-10.15.2.0.jar
java.vendor=Oracle Corporation
java.runtime.version=22.0.1+8-16
user.dir=C:\Users\nacho\OneDrive\Desktop\COSAS ARQUITECTURA\Arquitecturas-Web-Ejercicio-Integrador-1\Arquitecturas-Web-Ejercicio-Integrador-1
os.name=Windows 11
os.arch=amd64
os.version=10.0
derby.system.home=null
Database Class Loader started - derby.database.classpath=''
----------------------------------------------------------------
Sun Sep 08 20:27:18 ART 2024:
Booting Derby version The Apache Software Foundation - Apache Derby - 10.15.2.0 - (1873585): instance 156c4d22-0191-d3f6-8fee-00000f234340 
on database directory C:\Users\nacho\OneDrive\Desktop\COSAS ARQUITECTURA\Arquitecturas-Web-Ejercicio-Integrador-1\Arquitecturas-Web-Ejercicio-Integrador-1\exampleDB with class loader jdk.internal.loader.ClassLoaders$AppClassLoader@76ed5528 
Loaded from file:/C:/Users/nacho/.m2/repository/org/apache/derby/derby/10.15.2.0/derby-10.15.2.0.jar
java.vendor=Oracle Corporation
java.runtime.version=22.0.1+8-16
user.dir=C:\Users\nacho\OneDrive\Desktop\COSAS ARQUITECTURA\Arquitecturas-Web-Ejercicio-Integrador-1\Arquitecturas-Web-Ejercicio-Integrador-1
os.name=Windows 11
os.arch=amd64
os.version=10.0
derby.system.home=null
Database Class Loader started - derby.database.classpath=''
